  Hack_szyfr.cpp
C:\Users\pawel\Documents\GitHub\Yawing-Turtles\Szyfrowanie\Hack_szyfr.cpp(35,20): warning C4018: "<": niezgodność typu ze znakiem/bez znaku
C:\Users\pawel\Documents\GitHub\Yawing-Turtles\Szyfrowanie\Hack_szyfr.cpp(36,21): warning C4018: "<": niezgodność typu ze znakiem/bez znaku
C:\Users\pawel\Documents\GitHub\Yawing-Turtles\Szyfrowanie\Hack_szyfr.cpp(64,20): warning C4018: "<": niezgodność typu ze znakiem/bez znaku
C:\Users\pawel\Documents\GitHub\Yawing-Turtles\Szyfrowanie\Hack_szyfr.cpp(65,21): warning C4018: "<": niezgodność typu ze znakiem/bez znaku
C:\Users\pawel\Documents\GitHub\Yawing-Turtles\Szyfrowanie\Hack_szyfr.cpp(88,20): warning C4018: "<": niezgodność typu ze znakiem/bez znaku
C:\Users\pawel\Documents\GitHub\Yawing-Turtles\Szyfrowanie\Hack_szyfr.cpp(89,21): warning C4018: "<": niezgodność typu ze znakiem/bez znaku
C:\Users\pawel\Documents\GitHub\Yawing-Turtles\Szyfrowanie\Hack_szyfr.cpp(117,20): warning C4018: "<": niezgodność typu ze znakiem/bez znaku
C:\Users\pawel\Documents\GitHub\Yawing-Turtles\Szyfrowanie\Hack_szyfr.cpp(118,21): warning C4018: "<": niezgodność typu ze znakiem/bez znaku
C:\Users\pawel\Documents\GitHub\Yawing-Turtles\Szyfrowanie\Hack_szyfr.cpp(141,20): warning C4018: "<": niezgodność typu ze znakiem/bez znaku
C:\Users\pawel\Documents\GitHub\Yawing-Turtles\Szyfrowanie\Hack_szyfr.cpp(142,21): warning C4018: "<": niezgodność typu ze znakiem/bez znaku
C:\Users\pawel\Documents\GitHub\Yawing-Turtles\Szyfrowanie\Hack_szyfr.cpp(170,20): warning C4018: "<": niezgodność typu ze znakiem/bez znaku
C:\Users\pawel\Documents\GitHub\Yawing-Turtles\Szyfrowanie\Hack_szyfr.cpp(171,21): warning C4018: "<": niezgodność typu ze znakiem/bez znaku
C:\Users\pawel\Documents\GitHub\Yawing-Turtles\Szyfrowanie\Hack_szyfr.cpp(247,20): warning C4018: "<": niezgodność typu ze znakiem/bez znaku
C:\Users\pawel\Documents\GitHub\Yawing-Turtles\Szyfrowanie\Hack_szyfr.cpp(249,21): warning C4018: "<": niezgodność typu ze znakiem/bez znaku
C:\Users\pawel\Documents\GitHub\Yawing-Turtles\Szyfrowanie\Hack_szyfr.cpp(264,22): warning C4018: "<": niezgodność typu ze znakiem/bez znaku
C:\Users\pawel\Documents\GitHub\Yawing-Turtles\Szyfrowanie\Hack_szyfr.cpp(275,12): warning C4018: ">": niezgodność typu ze znakiem/bez znaku
C:\Users\pawel\Documents\GitHub\Yawing-Turtles\Szyfrowanie\Hack_szyfr.cpp(306,15): warning C4018: "<": niezgodność typu ze znakiem/bez znaku
  lodepng.cpp
C:\Users\pawel\Documents\GitHub\Yawing-Turtles\Szyfrowanie\lodepng.cpp(730,35): warning C4267: "=": konwersja z "size_t" do "unsigned short", możliwa utrata danych
C:\Users\pawel\Documents\GitHub\Yawing-Turtles\Szyfrowanie\lodepng.cpp(754,37): warning C4267: "=": konwersja z "size_t" do "unsigned short", możliwa utrata danych
C:\Users\pawel\Documents\GitHub\Yawing-Turtles\Szyfrowanie\lodepng.cpp(771,38): warning C4267: "=": konwersja z "size_t" do "unsigned short", możliwa utrata danych
  Generowanie kodu...
C:\Users\pawel\Documents\GitHub\Yawing-Turtles\Szyfrowanie\Hack_szyfr.cpp(237): warning C4715: "chr”: niewszystkie ścieżki kodu zwracają wartość
  Hack_szyfr.vcxproj -> C:\Users\pawel\Documents\GitHub\Yawing-Turtles\Szyfrowanie\Debug\Hack_szyfr.exe
